Vivado Simulator 2019.1
Time resolution is 1 ps
memory[          0] = 20
memory[          1] = 43
memory[          2] = 00
memory[          3] = 05
memory[          4] = 30
memory[          5] = 62
memory[          6] = 00
memory[          7] = 01
memory[          8] = 34
memory[          9] = 62
memory[         10] = 00
memory[         11] = 02
memory[         12] = 28
memory[         13] = 62
memory[         14] = 00
memory[         15] = 07
memory[         16] = 00
memory[         17] = 62
memory[         18] = 08
memory[         19] = 20
memory[         20] = 00
memory[         21] = 62
memory[         22] = 08
memory[         23] = 22
memory[         24] = 00
memory[         25] = 62
memory[         26] = 08
memory[         27] = 2a
memory[         28] = 00
memory[         29] = 62
memory[         30] = 08
memory[         31] = 24
memory[         32] = 00
memory[         33] = 62
memory[         34] = 08
memory[         35] = 25
memory[         36] = ac
memory[         37] = 62
memory[         38] = 00
memory[         39] = 01
memory[         40] = 8c
memory[         41] = 62
memory[         42] = 00
memory[         43] = 01
memory[         44] = 00
memory[         45] = 00
memory[         46] = 00
memory[         47] = 00
memory[         48] = 08
memory[         49] = 00
memory[         50] = 00
memory[         51] = 00
memory[         52] = xx
memory[         53] = xx
memory[         54] = xx
memory[         55] = xx
memory[         56] = xx
memory[         57] = xx
memory[         58] = xx
memory[         59] = xx
memory[         60] = xx
memory[         61] = xx
memory[         62] = xx
memory[         63] = xx
$finish called at time : 380 ns : File "D:/digital design/project_1/project_1.srcs/sources_1/new/t_signextend.v" Line 46
